<?xml version="1.0" encoding="UTF-8"?>
<testng-results skipped="0" failed="0" total="1" passed="1">
  <reporter-output>
  </reporter-output>
  <suite name="Default suite" duration-ms="8905" started-at="2016-02-22T04:44:48Z" finished-at="2016-02-22T04:44:57Z">
    <groups>
    </groups>
    <test name="Default test" duration-ms="8905" started-at="2016-02-22T04:44:48Z" finished-at="2016-02-22T04:44:57Z">
      <class name="com.project.ScannerExampleTest">
        <test-method status="PASS" signature="scannertest()[pri:0, instance:com.project.ScannerExampleTest@c39f790]" name="scannertest" duration-ms="8878" started-at="2016-02-21T20:44:48Z" finished-at="2016-02-21T20:44:57Z">
          <reporter-output>
          </reporter-output>
        </test-method> <!-- scannertest -->
      </class> <!-- com.project.ScannerExampleTest -->
    </test> <!-- Default test -->
  </suite> <!-- Default suite -->
</testng-results>
